#
# There is insufficient memory for the Java Runtime Environment to continue.
# Native memory allocation (malloc) failed to allocate 1161456 bytes for Chunk::new
# Possible reasons:
#   The system is out of physical RAM or swap space
#   The process is running with CompressedOops enabled, and the Java Heap may be blocking the growth of the native heap
# Possible solutions:
#   Reduce memory load on the system
#   Increase physical memory or swap space
#   Check if swap backing store is full
#   Decrease Java heap size (-Xmx/-Xms)
#   Decrease number of Java threads
#   Decrease Java thread stack sizes (-Xss)
#   Set larger code cache with -XX:ReservedCodeCacheSize=
#   JVM is running with Unscaled Compressed Oops mode in which the Java heap is
#     placed in the first 4GB address space. The Java Heap base address is the
#     maximum limit for the native heap growth. Please use -XX:HeapBaseMinAddress
#     to set the Java Heap base and to place the Java Heap above 4GB virtual address.
# This output file may be truncated or incomplete.
#
#  Out of Memory Error (arena.cpp:189), pid=24376, tid=32256
#
# JRE version: OpenJDK Runtime Environment Temurin-17.0.6+10 (17.0.6+10) (build 17.0.6+10)
# Java VM: OpenJDK 64-Bit Server VM Temurin-17.0.6+10 (17.0.6+10, mixed mode, tiered, compressed oops, compressed class ptrs, parallel gc, windows-amd64)
# No core dump will be written. Minidumps are not enabled by default on client versions of Windows
#

---------------  S U M M A R Y ------------

Command Line: --add-modules=ALL-SYSTEM --add-opens=java.base/java.util=ALL-UNNAMED --add-opens=java.base/java.lang=ALL-UNNAMED --add-opens=java.base/sun.nio.fs=ALL-UNNAMED -Declipse.application=org.eclipse.jdt.ls.core.id1 -Dosgi.bundles.defaultStartLevel=4 -Declipse.product=org.eclipse.jdt.ls.core.product -Djava.import.generatesMetadataFilesAtProjectRoot=false -Dfile.encoding=utf8 -XX:+UseParallelGC -XX:GCTimeRatio=4 -XX:AdaptiveSizePolicyWeight=90 -Dsun.zip.disableMemoryMapping=true -Xmx1G -Xms100m -Xlog:disable -javaagent:c:\Users\EXTREME GAMER\.vscode\extensions\redhat.java-1.15.0-win32-x64\lombok\lombok-1.18.24.jar c:\Users\EXTREME GAMER\.vscode\extensions\redhat.java-1.15.0-win32-x64\server\plugins\org.eclipse.equinox.launcher_1.6.400.v20210924-0641.jar -configuration c:\Users\EXTREME GAMER\AppData\Roaming\Code\User\globalStorage\redhat.java\1.15.0\config_ss_win -data c:\Users\EXTREME GAMER\AppData\Roaming\Code\User\workspaceStorage\0c4b5414834ed4b092e28aca7492c8f4\redhat.java\ss_ws

Host: AMD Ryzen 5 5500U with Radeon Graphics         , 12 cores, 5G,  Windows 11 , 64 bit Build 22621 (10.0.22621.3085)
Time: Thu Feb 22 22:37:04 2024 Hora estándar oeste, Sudamérica elapsed time: 18.516600 seconds (0d 0h 0m 18s)

---------------  T H R E A D  ---------------

Current thread (0x000001c8e493d230):  JavaThread "C2 CompilerThread0" daemon [_thread_in_native, id=32256, stack(0x0000005c90400000,0x0000005c90500000)]


Current CompileTask:
C2:  18516 4081       4       org.objectweb.asm.ClassReader::readMethod (1066 bytes)

Stack: [0x0000005c90400000,0x0000005c90500000]
Native frames: (J=compiled Java code, j=interpreted, Vv=VM code, C=native code)
V  [jvm.dll+0x67741a]
V  [jvm.dll+0x834434]
V  [jvm.dll+0x835bde]
V  [jvm.dll+0x836243]
V  [jvm.dll+0x2457b5]
V  [jvm.dll+0xabafc]
V  [jvm.dll+0xac0cc]
V  [jvm.dll+0x2ac94f]
V  [jvm.dll+0x57de47]
V  [jvm.dll+0x220812]
V  [jvm.dll+0x220bef]
V  [jvm.dll+0x21a445]
V  [jvm.dll+0x21790b]
V  [jvm.dll+0x1a3d0d]
V  [jvm.dll+0x22742a]
V  [jvm.dll+0x225565]
V  [jvm.dll+0x7ea2cb]
V  [jvm.dll+0x7e483a]
V  [jvm.dll+0x6762c5]
C  [ucrtbase.dll+0x29363]
C  [KERNEL32.DLL+0x1257d]
C  [ntdll.dll+0x5aa58]


---------------  P R O C E S S  ---------------

Threads class SMR info:
_java_thread_list=0x000001c8e9263230, length=22, elements={
0x000001c8d0aced40, 0x000001c8e4827770, 0x000001c8e4933f10, 0x000001c8e4939fe0,
0x000001c8e493aaa0, 0x000001c8e493b460, 0x000001c8e493c590, 0x000001c8e493d230,
0x000001c8e628eb70, 0x000001c8e62e72f0, 0x000001c8d0b32e60, 0x000001c8e6573fc0,
0x000001c8e804a8f0, 0x000001c8e807a050, 0x000001c8e807ac00, 0x000001c8e7f8e330,
0x000001c8e639a2f0, 0x000001c8e8e31d70, 0x000001c8e8e313d0, 0x000001c8e8e33f20,
0x000001c8e8e318a0, 0x000001c8e8e330b0
}

Java Threads: ( => current thread )
  0x000001c8d0aced40 JavaThread "main" [_thread_blocked, id=24516, stack(0x0000005c8fb00000,0x0000005c8fc00000)]
  0x000001c8e4827770 JavaThread "Reference Handler" daemon [_thread_blocked, id=6892, stack(0x0000005c8fe00000,0x0000005c8ff00000)]
  0x000001c8e4933f10 JavaThread "Finalizer" daemon [_thread_blocked, id=20924, stack(0x0000005c8ff00000,0x0000005c90000000)]
  0x000001c8e4939fe0 JavaThread "Signal Dispatcher" daemon [_thread_blocked, id=30444, stack(0x0000005c90000000,0x0000005c90100000)]
  0x000001c8e493aaa0 JavaThread "Attach Listener" daemon [_thread_blocked, id=9544, stack(0x0000005c90100000,0x0000005c90200000)]
  0x000001c8e493b460 JavaThread "Service Thread" daemon [_thread_blocked, id=25044, stack(0x0000005c90200000,0x0000005c90300000)]
  0x000001c8e493c590 JavaThread "Monitor Deflation Thread" daemon [_thread_blocked, id=23088, stack(0x0000005c90300000,0x0000005c90400000)]
=>0x000001c8e493d230 JavaThread "C2 CompilerThread0" daemon [_thread_in_native, id=32256, stack(0x0000005c90400000,0x0000005c90500000)]
  0x000001c8e628eb70 JavaThread "C1 CompilerThread0" daemon [_thread_blocked, id=25944, stack(0x0000005c90500000,0x0000005c90600000)]
  0x000001c8e62e72f0 JavaThread "Sweeper thread" daemon [_thread_blocked, id=10772, stack(0x0000005c90600000,0x0000005c90700000)]
  0x000001c8d0b32e60 JavaThread "Common-Cleaner" daemon [_thread_blocked, id=15756, stack(0x0000005c90700000,0x0000005c90800000)]
  0x000001c8e6573fc0 JavaThread "Notification Thread" daemon [_thread_blocked, id=3052, stack(0x0000005c90800000,0x0000005c90900000)]
  0x000001c8e804a8f0 JavaThread "Active Thread: Equinox Container: 37cc431c-3dda-421d-ae48-591370870555" [_thread_blocked, id=24216, stack(0x0000005c91000000,0x0000005c91100000)]
  0x000001c8e807a050 JavaThread "Framework Event Dispatcher: Equinox Container: 37cc431c-3dda-421d-ae48-591370870555" daemon [_thread_blocked, id=30004, stack(0x0000005c91100000,0x0000005c91200000)]
  0x000001c8e807ac00 JavaThread "Start Level: Equinox Container: 37cc431c-3dda-421d-ae48-591370870555" daemon [_thread_blocked, id=17400, stack(0x0000005c91200000,0x0000005c91300000)]
  0x000001c8e7f8e330 JavaThread "SCR Component Actor" daemon [_thread_blocked, id=15596, stack(0x0000005c91300000,0x0000005c91400000)]
  0x000001c8e639a2f0 JavaThread "Worker-JM" [_thread_blocked, id=16828, stack(0x0000005c91600000,0x0000005c91700000)]
  0x000001c8e8e31d70 JavaThread "Worker-0" [_thread_blocked, id=2040, stack(0x0000005c91900000,0x0000005c91a00000)]
  0x000001c8e8e313d0 JavaThread "Worker-1" [_thread_blocked, id=19620, stack(0x0000005c91a00000,0x0000005c91b00000)]
  0x000001c8e8e33f20 JavaThread "JNA Cleaner" daemon [_thread_blocked, id=24896, stack(0x0000005c91b00000,0x0000005c91c00000)]
  0x000001c8e8e318a0 JavaThread "pool-2-thread-1" [_thread_blocked, id=15132, stack(0x0000005c91c00000,0x0000005c91d00000)]
  0x000001c8e8e330b0 JavaThread "pool-1-thread-1" [_thread_in_native, id=9576, stack(0x0000005c91d00000,0x0000005c91e00000)]

Other Threads:
  0x000001c8d0b5a6a0 VMThread "VM Thread" [stack: 0x0000005c8fd00000,0x0000005c8fe00000] [id=29164]
  0x000001c8e7ad8d90 WatcherThread [stack: 0x0000005c90900000,0x0000005c90a00000] [id=14512]
  0x000001c8d0ae3cc0 GCTaskThread "GC Thread#0" [stack: 0x0000005c8fc00000,0x0000005c8fd00000] [id=22872]
  0x000001c8e800e370 GCTaskThread "GC Thread#1" [stack: 0x0000005c90a00000,0x0000005c90b00000] [id=12748]
  0x000001c8e7d21210 GCTaskThread "GC Thread#2" [stack: 0x0000005c90b00000,0x0000005c90c00000] [id=14052]
  0x000001c8e7d84f60 GCTaskThread "GC Thread#3" [stack: 0x0000005c90c00000,0x0000005c90d00000] [id=30692]
  0x000001c8e7d85210 GCTaskThread "GC Thread#4" [stack: 0x0000005c90d00000,0x0000005c90e00000] [id=19624]
  0x000001c8e7fa52b0 GCTaskThread "GC Thread#5" [stack: 0x0000005c90e00000,0x0000005c90f00000] [id=31864]
  0x000001c8e7fa5560 GCTaskThread "GC Thread#6" [stack: 0x0000005c90f00000,0x0000005c91000000] [id=11920]
  0x000001c8e8c0c440 GCTaskThread "GC Thread#7" [stack: 0x0000005c91400000,0x0000005c91500000] [id=16072]
  0x000001c8e7f7bab0 GCTaskThread "GC Thread#8" [stack: 0x0000005c91700000,0x0000005c91800000] [id=3568]
  0x000001c8e822e980 GCTaskThread "GC Thread#9" [stack: 0x0000005c91800000,0x0000005c91900000] [id=20388]

Threads with active compile tasks:
C2 CompilerThread0    18613 4081       4       org.objectweb.asm.ClassReader::readMethod (1066 bytes)

VM state: not at safepoint (normal execution)

VM Mutex/Monitor currently owned by a thread: None

Heap address: 0x00000000c0000000, size: 1024 MB, Compressed Oops mode: 32-bit

CDS archive(s) not mapped
Compressed class space mapped at: 0x0000000100000000-0x0000000140000000, reserved size: 1073741824
Narrow klass base: 0x0000000000000000, Narrow klass shift: 3, Narrow klass range: 0x140000000

GC Precious Log:
 CPUs: 12 total, 12 available
 Memory: 5989M
 Large Page Support: Disabled
 NUMA Support: Disabled
 Compressed Oops: Enabled (32-bit)
 Alignments: Space 512K, Generation 512K, Heap 2M
 Heap Min Capacity: 100M
 Heap Initial Capacity: 100M
 Heap Max Capacity: 1G
 Pre-touch: Disabled
 Parallel Workers: 10

Heap:
 PSYoungGen      total 22016K, used 13973K [0x00000000eab00000, 0x00000000ec300000, 0x0000000100000000)
  eden space 20992K, 63% used [0x00000000eab00000,0x00000000eb809fc0,0x00000000ebf80000)
  from space 1024K, 60% used [0x00000000ec200000,0x00000000ec29b700,0x00000000ec300000)
  to   space 1024K, 0% used [0x00000000ec100000,0x00000000ec100000,0x00000000ec200000)
 ParOldGen       total 68608K, used 25083K [0x00000000c0000000, 0x00000000c4300000, 0x00000000eab00000)
  object space 68608K, 36% used [0x00000000c0000000,0x00000000c187eea0,0x00000000c4300000)
 Metaspace       used 41785K, committed 42560K, reserved 1089536K
  class space    used 4200K, committed 4544K, reserved 1048576K

Card table byte_map: [0x000001c8d0460000,0x000001c8d0670000] _byte_map_base: 0x000001c8cfe60000

Marking Bits: (ParMarkBitMap*) 0x00007ffb4b5d3e70
 Begin Bits: [0x000001c8e2740000, 0x000001c8e3740000)
 End Bits:   [0x000001c8e3740000, 0x000001c8e4740000)

Polling page: 0x000001c8ceaa0000

Metaspace:

Usage:
  Non-class:     36.70 MB used.
      Class:      4.10 MB used.
       Both:     40.81 MB used.

Virtual space:
  Non-class space:       40.00 MB reserved,      37.12 MB ( 93%) committed,  5 nodes.
      Class space:        1.00 GB reserved,       4.44 MB ( <1%) committed,  1 nodes.
             Both:        1.04 GB reserved,      41.56 MB (  4%) committed. 

Chunk freelists:
   Non-Class:  2.05 MB
       Class:  3.38 MB
        Both:  5.42 MB

MaxMetaspaceSize: unlimited
CompressedClassSpaceSize: 1.00 GB
Initial GC threshold: 21.00 MB
Current GC threshold: 58.38 MB
CDS: off
MetaspaceReclaimPolicy: balanced
 - commit_granule_bytes: 65536.
 - commit_granule_words: 8192.
 - virtual_space_node_default_size: 1048576.
 - enlarge_chunks_in_place: 1.
 - new_chunks_are_fully_committed: 0.
 - uncommit_free_chunks: 1.
 - use_allocation_guard: 0.
 - handle_deallocations: 1.


Internal statistics:

num_allocs_failed_limit: 6.
num_arena_births: 302.
num_arena_deaths: 14.
num_vsnodes_births: 6.
num_vsnodes_deaths: 0.
num_space_committed: 665.
num_space_uncommitted: 0.
num_chunks_returned_to_freelist: 20.
num_chunks_taken_from_freelist: 1609.
num_chunk_merges: 7.
num_chunk_splits: 1106.
num_chunks_enlarged: 788.
num_purges: 2.
num_inconsistent_stats: 0.

CodeHeap 'non-profiled nmethods': size=120000Kb used=1827Kb max_used=1827Kb free=118172Kb
 bounds [0x000001c8db210000, 0x000001c8db480000, 0x000001c8e2740000]
CodeHeap 'profiled nmethods': size=120000Kb used=8839Kb max_used=8839Kb free=111160Kb
 bounds [0x000001c8d3740000, 0x000001c8d3ff0000, 0x000001c8dac70000]
CodeHeap 'non-nmethods': size=5760Kb used=1291Kb max_used=1312Kb free=4468Kb
 bounds [0x000001c8dac70000, 0x000001c8daee0000, 0x000001c8db210000]
 total_blobs=4727 nmethods=4108 adapters=532
 compilation: enabled
              stopped_count=0, restarted_count=0
 full_count=0

Compilation events (20 events):
Event: 18.211 Thread 0x000001c8e628eb70 4094       3       lombok.patcher.MethodLogistics::sizeOf (46 bytes)
Event: 18.212 Thread 0x000001c8e628eb70 nmethod 4094 0x000001c8d3fc7190 code [0x000001c8d3fc73a0, 0x000001c8d3fc7a18]
Event: 18.219 Thread 0x000001c8e628eb70 4096       3       org.objectweb.asm.SymbolTable::addConstantDynamicOrInvokeDynamicReference (34 bytes)
Event: 18.219 Thread 0x000001c8e628eb70 nmethod 4096 0x000001c8d3fc7c90 code [0x000001c8d3fc7e60, 0x000001c8d3fc80e8]
Event: 18.220 Thread 0x000001c8e628eb70 4097       3       org.objectweb.asm.MethodVisitor::visitCode (15 bytes)
Event: 18.220 Thread 0x000001c8e628eb70 nmethod 4097 0x000001c8d3fc8210 code [0x000001c8d3fc83c0, 0x000001c8d3fc85c8]
Event: 18.220 Thread 0x000001c8e628eb70 4098       3       org.objectweb.asm.MethodVisitor::visitMaxs (17 bytes)
Event: 18.220 Thread 0x000001c8e628eb70 nmethod 4098 0x000001c8d3fc8690 code [0x000001c8d3fc8840, 0x000001c8d3fc8a48]
Event: 18.220 Thread 0x000001c8e628eb70 4099       3       org.objectweb.asm.MethodVisitor::visitEnd (15 bytes)
Event: 18.221 Thread 0x000001c8e628eb70 nmethod 4099 0x000001c8d3fc8b10 code [0x000001c8d3fc8cc0, 0x000001c8d3fc8ec8]
Event: 18.388 Thread 0x000001c8e628eb70 4100       3       java.util.Collections$SetFromMap::iterator (10 bytes)
Event: 18.388 Thread 0x000001c8e628eb70 nmethod 4100 0x000001c8d3fc8f90 code [0x000001c8d3fc9140, 0x000001c8d3fc9308]
Event: 18.388 Thread 0x000001c8e628eb70 4101       3       java.util.IdentityHashMap$KeySet::iterator (12 bytes)
Event: 18.388 Thread 0x000001c8e628eb70 nmethod 4101 0x000001c8d3fc9410 code [0x000001c8d3fc95c0, 0x000001c8d3fc97e8]
Event: 18.402 Thread 0x000001c8e628eb70 4102   !   3       lombok.launch.ShadowClassLoader::urlToDefineClass (256 bytes)
Event: 18.404 Thread 0x000001c8e628eb70 nmethod 4102 0x000001c8d3fc9910 code [0x000001c8d3fc9ca0, 0x000001c8d3fcb508]
Event: 18.440 Thread 0x000001c8e628eb70 4103       3       org.eclipse.osgi.internal.loader.classpath.ClasspathEntry::findResource (65 bytes)
Event: 18.440 Thread 0x000001c8e628eb70 nmethod 4103 0x000001c8d3fcbf90 code [0x000001c8d3fcc1a0, 0x000001c8d3fcc8a8]
Event: 18.440 Thread 0x000001c8e628eb70 4104       3       org.eclipse.osgi.storage.bundlefile.BundleFile::getResourceURL (24 bytes)
Event: 18.441 Thread 0x000001c8e628eb70 nmethod 4104 0x000001c8d3fcca90 code [0x000001c8d3fccce0, 0x000001c8d3fcd888]

GC Heap History (20 events):
Event: 14.683 GC heap before
{Heap before GC invocations=11 (full 1):
 PSYoungGen      total 26624K, used 13906K [0x00000000eab00000, 0x00000000eca00000, 0x0000000100000000)
  eden space 22528K, 43% used [0x00000000eab00000,0x00000000eb4ab8e8,0x00000000ec100000)
  from space 4096K, 97% used [0x00000000ec180000,0x00000000ec569030,0x00000000ec580000)
  to   space 4608K, 0% used [0x00000000ec580000,0x00000000ec580000,0x00000000eca00000)
 ParOldGen       total 68608K, used 9256K [0x00000000c0000000, 0x00000000c4300000, 0x00000000eab00000)
  object space 68608K, 13% used [0x00000000c0000000,0x00000000c090a110,0x00000000c4300000)
 Metaspace       used 35062K, committed 35840K, reserved 1081344K
  class space    used 3544K, committed 3904K, reserved 1048576K
}
Event: 14.687 GC heap after
{Heap after GC invocations=11 (full 1):
 PSYoungGen      total 25600K, used 2848K [0x00000000eab00000, 0x00000000ec880000, 0x0000000100000000)
  eden space 22528K, 0% used [0x00000000eab00000,0x00000000eab00000,0x00000000ec100000)
  from space 3072K, 92% used [0x00000000ec580000,0x00000000ec848010,0x00000000ec880000)
  to   space 3584K, 0% used [0x00000000ec180000,0x00000000ec180000,0x00000000ec500000)
 ParOldGen       total 68608K, used 11295K [0x00000000c0000000, 0x00000000c4300000, 0x00000000eab00000)
  object space 68608K, 16% used [0x00000000c0000000,0x00000000c0b07e20,0x00000000c4300000)
 Metaspace       used 35062K, committed 35840K, reserved 1081344K
  class space    used 3544K, committed 3904K, reserved 1048576K
}
Event: 14.687 GC heap before
{Heap before GC invocations=12 (full 2):
 PSYoungGen      total 25600K, used 2848K [0x00000000eab00000, 0x00000000ec880000, 0x0000000100000000)
  eden space 22528K, 0% used [0x00000000eab00000,0x00000000eab00000,0x00000000ec100000)
  from space 3072K, 92% used [0x00000000ec580000,0x00000000ec848010,0x00000000ec880000)
  to   space 3584K, 0% used [0x00000000ec180000,0x00000000ec180000,0x00000000ec500000)
 ParOldGen       total 68608K, used 11295K [0x00000000c0000000, 0x00000000c4300000, 0x00000000eab00000)
  object space 68608K, 16% used [0x00000000c0000000,0x00000000c0b07e20,0x00000000c4300000)
 Metaspace       used 35062K, committed 35840K, reserved 1081344K
  class space    used 3544K, committed 3904K, reserved 1048576K
}
Event: 14.718 GC heap after
{Heap after GC invocations=12 (full 2):
 PSYoungGen      total 25600K, used 0K [0x00000000eab00000, 0x00000000ec880000, 0x0000000100000000)
  eden space 22528K, 0% used [0x00000000eab00000,0x00000000eab00000,0x00000000ec100000)
  from space 3072K, 0% used [0x00000000ec580000,0x00000000ec580000,0x00000000ec880000)
  to   space 3584K, 0% used [0x00000000ec180000,0x00000000ec180000,0x00000000ec500000)
 ParOldGen       total 68608K, used 13716K [0x00000000c0000000, 0x00000000c4300000, 0x00000000eab00000)
  object space 68608K, 19% used [0x00000000c0000000,0x00000000c0d651d8,0x00000000c4300000)
 Metaspace       used 35062K, committed 35840K, reserved 1081344K
  class space    used 3544K, committed 3904K, reserved 1048576K
}
Event: 14.841 GC heap before
{Heap before GC invocations=13 (full 2):
 PSYoungGen      total 25600K, used 22528K [0x00000000eab00000, 0x00000000ec880000, 0x0000000100000000)
  eden space 22528K, 100% used [0x00000000eab00000,0x00000000ec100000,0x00000000ec100000)
  from space 3072K, 0% used [0x00000000ec580000,0x00000000ec580000,0x00000000ec880000)
  to   space 3584K, 0% used [0x00000000ec180000,0x00000000ec180000,0x00000000ec500000)
 ParOldGen       total 68608K, used 13716K [0x00000000c0000000, 0x00000000c4300000, 0x00000000eab00000)
  object space 68608K, 19% used [0x00000000c0000000,0x00000000c0d651d8,0x00000000c4300000)
 Metaspace       used 35125K, committed 35904K, reserved 1081344K
  class space    used 3561K, committed 3904K, reserved 1048576K
}
Event: 14.845 GC heap after
{Heap after GC invocations=13 (full 2):
 PSYoungGen      total 24576K, used 2432K [0x00000000eab00000, 0x00000000ec680000, 0x0000000100000000)
  eden space 22016K, 0% used [0x00000000eab00000,0x00000000eab00000,0x00000000ec080000)
  from space 2560K, 95% used [0x00000000ec180000,0x00000000ec3e0020,0x00000000ec400000)
  to   space 2560K, 0% used [0x00000000ec400000,0x00000000ec400000,0x00000000ec680000)
 ParOldGen       total 68608K, used 13716K [0x00000000c0000000, 0x00000000c4300000, 0x00000000eab00000)
  object space 68608K, 19% used [0x00000000c0000000,0x00000000c0d651d8,0x00000000c4300000)
 Metaspace       used 35125K, committed 35904K, reserved 1081344K
  class space    used 3561K, committed 3904K, reserved 1048576K
}
Event: 14.914 GC heap before
{Heap before GC invocations=14 (full 2):
 PSYoungGen      total 24576K, used 24448K [0x00000000eab00000, 0x00000000ec680000, 0x0000000100000000)
  eden space 22016K, 100% used [0x00000000eab00000,0x00000000ec080000,0x00000000ec080000)
  from space 2560K, 95% used [0x00000000ec180000,0x00000000ec3e0020,0x00000000ec400000)
  to   space 2560K, 0% used [0x00000000ec400000,0x00000000ec400000,0x00000000ec680000)
 ParOldGen       total 68608K, used 13716K [0x00000000c0000000, 0x00000000c4300000, 0x00000000eab00000)
  object space 68608K, 19% used [0x00000000c0000000,0x00000000c0d651d8,0x00000000c4300000)
 Metaspace       used 35125K, committed 35904K, reserved 1081344K
  class space    used 3561K, committed 3904K, reserved 1048576K
}
Event: 14.918 GC heap after
{Heap after GC invocations=14 (full 2):
 PSYoungGen      total 24576K, used 2144K [0x00000000eab00000, 0x00000000ec680000, 0x0000000100000000)
  eden space 22016K, 0% used [0x00000000eab00000,0x00000000eab00000,0x00000000ec080000)
  from space 2560K, 83% used [0x00000000ec400000,0x00000000ec618000,0x00000000ec680000)
  to   space 2560K, 0% used [0x00000000ec180000,0x00000000ec180000,0x00000000ec400000)
 ParOldGen       total 68608K, used 16072K [0x00000000c0000000, 0x00000000c4300000, 0x00000000eab00000)
  object space 68608K, 23% used [0x00000000c0000000,0x00000000c0fb2308,0x00000000c4300000)
 Metaspace       used 35125K, committed 35904K, reserved 1081344K
  class space    used 3561K, committed 3904K, reserved 1048576K
}
Event: 15.004 GC heap before
{Heap before GC invocations=15 (full 2):
 PSYoungGen      total 24576K, used 24160K [0x00000000eab00000, 0x00000000ec680000, 0x0000000100000000)
  eden space 22016K, 100% used [0x00000000eab00000,0x00000000ec080000,0x00000000ec080000)
  from space 2560K, 83% used [0x00000000ec400000,0x00000000ec618000,0x00000000ec680000)
  to   space 2560K, 0% used [0x00000000ec180000,0x00000000ec180000,0x00000000ec400000)
 ParOldGen       total 68608K, used 16072K [0x00000000c0000000, 0x00000000c4300000, 0x00000000eab00000)
  object space 68608K, 23% used [0x00000000c0000000,0x00000000c0fb2308,0x00000000c4300000)
 Metaspace       used 35125K, committed 35904K, reserved 1081344K
  class space    used 3561K, committed 3904K, reserved 1048576K
}
Event: 15.008 GC heap after
{Heap after GC invocations=15 (full 2):
 PSYoungGen      total 24576K, used 2336K [0x00000000eab00000, 0x00000000ec580000, 0x0000000100000000)
  eden space 22016K, 0% used [0x00000000eab00000,0x00000000eab00000,0x00000000ec080000)
  from space 2560K, 91% used [0x00000000ec180000,0x00000000ec3c8010,0x00000000ec400000)
  to   space 1536K, 0% used [0x00000000ec400000,0x00000000ec400000,0x00000000ec580000)
 ParOldGen       total 68608K, used 18056K [0x00000000c0000000, 0x00000000c4300000, 0x00000000eab00000)
  object space 68608K, 26% used [0x00000000c0000000,0x00000000c11a2308,0x00000000c4300000)
 Metaspace       used 35125K, committed 35904K, reserved 1081344K
  class space    used 3561K, committed 3904K, reserved 1048576K
}
Event: 15.073 GC heap before
{Heap before GC invocations=16 (full 2):
 PSYoungGen      total 24576K, used 24352K [0x00000000eab00000, 0x00000000ec580000, 0x0000000100000000)
  eden space 22016K, 100% used [0x00000000eab00000,0x00000000ec080000,0x00000000ec080000)
  from space 2560K, 91% used [0x00000000ec180000,0x00000000ec3c8010,0x00000000ec400000)
  to   space 1536K, 0% used [0x00000000ec400000,0x00000000ec400000,0x00000000ec580000)
 ParOldGen       total 68608K, used 18056K [0x00000000c0000000, 0x00000000c4300000, 0x00000000eab00000)
  object space 68608K, 26% used [0x00000000c0000000,0x00000000c11a2308,0x00000000c4300000)
 Metaspace       used 35125K, committed 35904K, reserved 1081344K
  class space    used 3561K, committed 3904K, reserved 1048576K
}
Event: 15.077 GC heap after
{Heap after GC invocations=16 (full 2):
 PSYoungGen      total 22528K, used 1536K [0x00000000eab00000, 0x00000000ec980000, 0x0000000100000000)
  eden space 20992K, 0% used [0x00000000eab00000,0x00000000eab00000,0x00000000ebf80000)
  from space 1536K, 100% used [0x00000000ec400000,0x00000000ec580000,0x00000000ec580000)
  to   space 4608K, 0% used [0x00000000ebf80000,0x00000000ebf80000,0x00000000ec400000)
 ParOldGen       total 68608K, used 20512K [0x00000000c0000000, 0x00000000c4300000, 0x00000000eab00000)
  object space 68608K, 29% used [0x00000000c0000000,0x00000000c1408318,0x00000000c4300000)
 Metaspace       used 35125K, committed 35904K, reserved 1081344K
  class space    used 3561K, committed 3904K, reserved 1048576K
}
Event: 16.534 GC heap before
{Heap before GC invocations=17 (full 2):
 PSYoungGen      total 22528K, used 22528K [0x00000000eab00000, 0x00000000ec980000, 0x0000000100000000)
  eden space 20992K, 100% used [0x00000000eab00000,0x00000000ebf80000,0x00000000ebf80000)
  from space 1536K, 100% used [0x00000000ec400000,0x00000000ec580000,0x00000000ec580000)
  to   space 4608K, 0% used [0x00000000ebf80000,0x00000000ebf80000,0x00000000ec400000)
 ParOldGen       total 68608K, used 20512K [0x00000000c0000000, 0x00000000c4300000, 0x00000000eab00000)
  object space 68608K, 29% used [0x00000000c0000000,0x00000000c1408318,0x00000000c4300000)
 Metaspace       used 36698K, committed 37440K, reserved 1089536K
  class space    used 3686K, committed 4032K, reserved 1048576K
}
Event: 16.537 GC heap after
{Heap after GC invocations=17 (full 2):
 PSYoungGen      total 23040K, used 1962K [0x00000000eab00000, 0x00000000ec580000, 0x0000000100000000)
  eden space 20992K, 0% used [0x00000000eab00000,0x00000000eab00000,0x00000000ebf80000)
  from space 2048K, 95% used [0x00000000ebf80000,0x00000000ec16a8d8,0x00000000ec180000)
  to   space 3072K, 0% used [0x00000000ec280000,0x00000000ec280000,0x00000000ec580000)
 ParOldGen       total 68608K, used 22062K [0x00000000c0000000, 0x00000000c4300000, 0x00000000eab00000)
  object space 68608K, 32% used [0x00000000c0000000,0x00000000c158bb98,0x00000000c4300000)
 Metaspace       used 36698K, committed 37440K, reserved 1089536K
  class space    used 3686K, committed 4032K, reserved 1048576K
}
Event: 17.367 GC heap before
{Heap before GC invocations=18 (full 2):
 PSYoungGen      total 23040K, used 22944K [0x00000000eab00000, 0x00000000ec580000, 0x0000000100000000)
  eden space 20992K, 99% used [0x00000000eab00000,0x00000000ebf7d868,0x00000000ebf80000)
  from space 2048K, 95% used [0x00000000ebf80000,0x00000000ec16a8d8,0x00000000ec180000)
  to   space 3072K, 0% used [0x00000000ec280000,0x00000000ec280000,0x00000000ec580000)
 ParOldGen       total 68608K, used 22062K [0x00000000c0000000, 0x00000000c4300000, 0x00000000eab00000)
  object space 68608K, 32% used [0x00000000c0000000,0x00000000c158bb98,0x00000000c4300000)
 Metaspace       used 38586K, committed 39360K, reserved 1089536K
  class space    used 3933K, committed 4288K, reserved 1048576K
}
Event: 17.370 GC heap after
{Heap after GC invocations=18 (full 2):
 PSYoungGen      total 22016K, used 904K [0x00000000eab00000, 0x00000000ec380000, 0x0000000100000000)
  eden space 20992K, 0% used [0x00000000eab00000,0x00000000eab00000,0x00000000ebf80000)
  from space 1024K, 88% used [0x00000000ec280000,0x00000000ec3622b0,0x00000000ec380000)
  to   space 1536K, 0% used [0x00000000ec080000,0x00000000ec080000,0x00000000ec200000)
 ParOldGen       total 68608K, used 23866K [0x00000000c0000000, 0x00000000c4300000, 0x00000000eab00000)
  object space 68608K, 34% used [0x00000000c0000000,0x00000000c174e818,0x00000000c4300000)
 Metaspace       used 38586K, committed 39360K, reserved 1089536K
  class space    used 3933K, committed 4288K, reserved 1048576K
}
Event: 18.082 GC heap before
{Heap before GC invocations=19 (full 2):
 PSYoungGen      total 22016K, used 21896K [0x00000000eab00000, 0x00000000ec380000, 0x0000000100000000)
  eden space 20992K, 100% used [0x00000000eab00000,0x00000000ebf80000,0x00000000ebf80000)
  from space 1024K, 88% used [0x00000000ec280000,0x00000000ec3622b0,0x00000000ec380000)
  to   space 1536K, 0% used [0x00000000ec080000,0x00000000ec080000,0x00000000ec200000)
 ParOldGen       total 68608K, used 23866K [0x00000000c0000000, 0x00000000c4300000, 0x00000000eab00000)
  object space 68608K, 34% used [0x00000000c0000000,0x00000000c174e818,0x00000000c4300000)
 Metaspace       used 40217K, committed 40960K, reserved 1089536K
  class space    used 4043K, committed 4416K, reserved 1048576K
}
Event: 18.084 GC heap after
{Heap after GC invocations=19 (full 2):
 PSYoungGen      total 22528K, used 1193K [0x00000000eab00000, 0x00000000ec300000, 0x0000000100000000)
  eden space 20992K, 0% used [0x00000000eab00000,0x00000000eab00000,0x00000000ebf80000)
  from space 1536K, 77% used [0x00000000ec080000,0x00000000ec1aa578,0x00000000ec200000)
  to   space 1024K, 0% used [0x00000000ec200000,0x00000000ec200000,0x00000000ec300000)
 ParOldGen       total 68608K, used 24491K [0x00000000c0000000, 0x00000000c4300000, 0x00000000eab00000)
  object space 68608K, 35% used [0x00000000c0000000,0x00000000c17ead20,0x00000000c4300000)
 Metaspace       used 40217K, committed 40960K, reserved 1089536K
  class space    used 4043K, committed 4416K, reserved 1048576K
}
Event: 18.202 GC heap before
{Heap before GC invocations=20 (full 2):
 PSYoungGen      total 22528K, used 22185K [0x00000000eab00000, 0x00000000ec300000, 0x0000000100000000)
  eden space 20992K, 100% used [0x00000000eab00000,0x00000000ebf80000,0x00000000ebf80000)
  from space 1536K, 77% used [0x00000000ec080000,0x00000000ec1aa578,0x00000000ec200000)
  to   space 1024K, 0% used [0x00000000ec200000,0x00000000ec200000,0x00000000ec300000)
 ParOldGen       total 68608K, used 24491K [0x00000000c0000000, 0x00000000c4300000, 0x00000000eab00000)
  object space 68608K, 35% used [0x00000000c0000000,0x00000000c17ead20,0x00000000c4300000)
 Metaspace       used 40249K, committed 41088K, reserved 1089536K
  class space    used 4043K, committed 4416K, reserved 1048576K
}
Event: 18.203 GC heap after
{Heap after GC invocations=20 (full 2):
 PSYoungGen      total 22016K, used 621K [0x00000000eab00000, 0x00000000ec300000, 0x0000000100000000)
  eden space 20992K, 0% used [0x00000000eab00000,0x00000000eab00000,0x00000000ebf80000)
  from space 1024K, 60% used [0x00000000ec200000,0x00000000ec29b700,0x00000000ec300000)
  to   space 1024K, 0% used [0x00000000ec100000,0x00000000ec100000,0x00000000ec200000)
 ParOldGen       total 68608K, used 25083K [0x00000000c0000000, 0x00000000c4300000, 0x00000000eab00000)
  object space 68608K, 36% used [0x00000000c0000000,0x00000000c187eea0,0x00000000c4300000)
 Metaspace       used 40249K, committed 41088K, reserved 1089536K
  class space    used 4043K, committed 4416K, reserved 1048576K
}

Dll operation events (10 events):
Event: 1.979 Loaded shared library c:\Users\EXTREME GAMER\.vscode\extensions\redhat.java-1.15.0-win32-x64\jre\17.0.6-win32-x86_64\bin\java.dll
Event: 2.352 Loaded shared library c:\Users\EXTREME GAMER\.vscode\extensions\redhat.java-1.15.0-win32-x64\jre\17.0.6-win32-x86_64\bin\zip.dll
Event: 2.363 Loaded shared library C:\Users\EXTREME GAMER\.vscode\extensions\redhat.java-1.15.0-win32-x64\jre\17.0.6-win32-x86_64\bin\instrument.dll
Event: 2.395 Loaded shared library C:\Users\EXTREME GAMER\.vscode\extensions\redhat.java-1.15.0-win32-x64\jre\17.0.6-win32-x86_64\bin\net.dll
Event: 2.418 Loaded shared library C:\Users\EXTREME GAMER\.vscode\extensions\redhat.java-1.15.0-win32-x64\jre\17.0.6-win32-x86_64\bin\nio.dll
Event: 2.429 Loaded shared library C:\Users\EXTREME GAMER\.vscode\extensions\redhat.java-1.15.0-win32-x64\jre\17.0.6-win32-x86_64\bin\zip.dll
Event: 2.453 Loaded shared library C:\Users\EXTREME GAMER\.vscode\extensions\redhat.java-1.15.0-win32-x64\jre\17.0.6-win32-x86_64\bin\jimage.dll
Event: 2.541 Loaded shared library c:\Users\EXTREME GAMER\.vscode\extensions\redhat.java-1.15.0-win32-x64\jre\17.0.6-win32-x86_64\bin\verify.dll
Event: 8.630 Loaded shared library C:\Users\EXTREME GAMER\AppData\Roaming\Code\User\globalStorage\redhat.java\1.15.0\config_ss_win\org.eclipse.equinox.launcher\org.eclipse.equinox.launcher.win32.win32.x86_64_1.2.700.v20221108-1024\eclipse_11801.dll
Event: 12.826 Loaded shared library C:\Users\EXTREME GAMER\AppData\Local\Temp\jna-1480078892\jna10388160942173901757.dll

Deoptimization events (20 events):
Event: 18.100 Thread 0x000001c8e8e330b0 Uncommon trap: trap_request=0xffffffde fr.pc=0x000001c8db2eb1ac relative=0x00000000000080ec
Event: 18.100 Thread 0x000001c8e8e330b0 Uncommon trap: reason=class_check action=maybe_recompile pc=0x000001c8db2eb1ac method=lombok.patcher.PatchScript$MethodPatcher.visitMethod(ILjava/lang/String;Ljava/lang/String;Ljava/lang/String;[Ljava/lang/String;)Lorg/objectweb/asm/MethodVisitor; @ 101 c
Event: 18.100 Thread 0x000001c8e8e330b0 DEOPT PACKING pc=0x000001c8db2eb1ac sp=0x0000005c91dfade0
Event: 18.100 Thread 0x000001c8e8e330b0 DEOPT UNPACKING pc=0x000001c8dacc66a3 sp=0x0000005c91dfad78 mode 2
Event: 18.100 Thread 0x000001c8e8e330b0 Uncommon trap: trap_request=0xffffffde fr.pc=0x000001c8db2eb1ac relative=0x00000000000080ec
Event: 18.100 Thread 0x000001c8e8e330b0 Uncommon trap: reason=class_check action=maybe_recompile pc=0x000001c8db2eb1ac method=lombok.patcher.PatchScript$MethodPatcher.visitMethod(ILjava/lang/String;Ljava/lang/String;Ljava/lang/String;[Ljava/lang/String;)Lorg/objectweb/asm/MethodVisitor; @ 101 c
Event: 18.100 Thread 0x000001c8e8e330b0 DEOPT PACKING pc=0x000001c8db2eb1ac sp=0x0000005c91dfade0
Event: 18.100 Thread 0x000001c8e8e330b0 DEOPT UNPACKING pc=0x000001c8dacc66a3 sp=0x0000005c91dfad78 mode 2
Event: 18.129 Thread 0x000001c8e8e330b0 DEOPT PACKING pc=0x000001c8d3bb959b sp=0x0000005c91dfaf60
Event: 18.129 Thread 0x000001c8e8e330b0 DEOPT UNPACKING pc=0x000001c8dacc6e43 sp=0x0000005c91dfa460 mode 0
Event: 18.159 Thread 0x000001c8e8e330b0 Uncommon trap: trap_request=0xffffff45 fr.pc=0x000001c8db3d0164 relative=0x0000000000000344
Event: 18.159 Thread 0x000001c8e8e330b0 Uncommon trap: reason=unstable_if action=reinterpret pc=0x000001c8db3d0164 method=org.objectweb.asm.MethodWriter.computeMethodInfoSize()I @ 228 c2
Event: 18.159 Thread 0x000001c8e8e330b0 DEOPT PACKING pc=0x000001c8db3d0164 sp=0x0000005c91dfb020
Event: 18.159 Thread 0x000001c8e8e330b0 DEOPT UNPACKING pc=0x000001c8dacc66a3 sp=0x0000005c91dfafc0 mode 2
Event: 18.159 Thread 0x000001c8e8e330b0 Uncommon trap: trap_request=0xffffff45 fr.pc=0x000001c8db3d1d0c relative=0x0000000000000eac
Event: 18.159 Thread 0x000001c8e8e330b0 Uncommon trap: reason=unstable_if action=reinterpret pc=0x000001c8db3d1d0c method=org.objectweb.asm.MethodWriter.putMethodInfo(Lorg/objectweb/asm/ByteVector;)V @ 374 c2
Event: 18.159 Thread 0x000001c8e8e330b0 DEOPT PACKING pc=0x000001c8db3d1d0c sp=0x0000005c91dfafe0
Event: 18.159 Thread 0x000001c8e8e330b0 DEOPT UNPACKING pc=0x000001c8dacc66a3 sp=0x0000005c91dfaf98 mode 2
Event: 18.399 Thread 0x000001c8e8e330b0 DEOPT PACKING pc=0x000001c8d392c713 sp=0x0000005c91df7c90
Event: 18.399 Thread 0x000001c8e8e330b0 DEOPT UNPACKING pc=0x000001c8dacc6e43 sp=0x0000005c91df71c8 mode 0

Classes unloaded (7 events):
Event: 10.659 Thread 0x000001c8d0b5a6a0 Unloading class 0x0000000100212400 'java/lang/invoke/LambdaForm$MH+0x0000000100212400'
Event: 10.659 Thread 0x000001c8d0b5a6a0 Unloading class 0x0000000100212000 'java/lang/invoke/LambdaForm$MH+0x0000000100212000'
Event: 10.659 Thread 0x000001c8d0b5a6a0 Unloading class 0x0000000100211c00 'java/lang/invoke/LambdaForm$MH+0x0000000100211c00'
Event: 10.659 Thread 0x000001c8d0b5a6a0 Unloading class 0x0000000100211800 'java/lang/invoke/LambdaForm$MH+0x0000000100211800'
Event: 10.659 Thread 0x000001c8d0b5a6a0 Unloading class 0x0000000100211000 'java/lang/invoke/LambdaForm$BMH+0x0000000100211000'
Event: 10.659 Thread 0x000001c8d0b5a6a0 Unloading class 0x0000000100210c00 'java/lang/invoke/LambdaForm$DMH+0x0000000100210c00'
Event: 10.659 Thread 0x000001c8d0b5a6a0 Unloading class 0x000000010020e000 'java/lang/invoke/LambdaForm$DMH+0x000000010020e000'

Classes redefined (0 events):
No events

Internal exceptions (20 events):
Event: 15.447 Thread 0x000001c8e8e330b0 Exception <a 'sun/nio/fs/WindowsException'{0x00000000eb29b978}> (0x00000000eb29b978) 
thrown [s\src\hotspot\share\prims\jni.cpp, line 516]
Event: 15.447 Thread 0x000001c8e8e330b0 Exception <a 'sun/nio/fs/WindowsException'{0x00000000eb29bde0}> (0x00000000eb29bde0) 
thrown [s\src\hotspot\share\prims\jni.cpp, line 516]
Event: 15.448 Thread 0x000001c8e8e330b0 Exception <a 'sun/nio/fs/WindowsException'{0x00000000eb29cd68}> (0x00000000eb29cd68) 
thrown [s\src\hotspot\share\prims\jni.cpp, line 516]
Event: 15.454 Thread 0x000001c8e8e330b0 Exception <a 'java/io/FileNotFoundException'{0x00000000eb2aac20}> (0x00000000eb2aac20) 
thrown [s\src\hotspot\share\prims\jni.cpp, line 516]
Event: 15.471 Thread 0x000001c8e8e330b0 Exception <a 'java/io/FileNotFoundException'{0x00000000eb2d9898}> (0x00000000eb2d9898) 
thrown [s\src\hotspot\share\prims\jni.cpp, line 516]
Event: 15.475 Thread 0x000001c8e8e330b0 Exception <a 'java/io/FileNotFoundException'{0x00000000eb2e7dc8}> (0x00000000eb2e7dc8) 
thrown [s\src\hotspot\share\prims\jni.cpp, line 516]
Event: 15.482 Thread 0x000001c8e8e330b0 Exception <a 'sun/nio/fs/WindowsException'{0x00000000eb2f6ae8}> (0x00000000eb2f6ae8) 
thrown [s\src\hotspot\share\prims\jni.cpp, line 516]
Event: 15.499 Thread 0x000001c8e8e330b0 Exception <a 'sun/nio/fs/WindowsException'{0x00000000eb322eb8}> (0x00000000eb322eb8) 
thrown [s\src\hotspot\share\prims\jni.cpp, line 516]
Event: 15.529 Thread 0x000001c8e8e330b0 Exception <a 'sun/nio/fs/WindowsException'{0x00000000eb34a608}> (0x00000000eb34a608) 
thrown [s\src\hotspot\share\prims\jni.cpp, line 516]
Event: 16.517 Thread 0x000001c8e8e330b0 Implicit null exception at 0x000001c8db2f8fc8 to 0x000001c8db2f9088
Event: 17.843 Thread 0x000001c8e8e330b0 Exception <a 'java/lang/NoClassDefFoundError'{0x00000000eb4e3978}: org/eclipse/core/runtime/IPath> (0x00000000eb4e3978) 
thrown [s\src\hotspot\share\classfile\systemDictionary.cpp, line 245]
Event: 17.991 Thread 0x000001c8e8e330b0 Exception <a 'java/lang/NoClassDefFoundError'{0x00000000eb890980}: org/eclipse/jdt/core/dom/Name> (0x00000000eb890980) 
thrown [s\src\hotspot\share\classfile\systemDictionary.cpp, line 245]
Event: 17.991 Thread 0x000001c8e8e330b0 Exception <a 'java/lang/NullPointerException'{0x00000000eb890f10}> (0x00000000eb890f10) 
thrown [s\src\hotspot\share\interpreter\linkResolver.cpp, line 1350]
Event: 17.998 Thread 0x000001c8e8e330b0 Exception <a 'java/lang/NullPointerException'{0x00000000eb8b2690}> (0x00000000eb8b2690) 
thrown [s\src\hotspot\share\interpreter\linkResolver.cpp, line 1350]
Event: 18.000 Thread 0x000001c8e8e330b0 Exception <a 'java/lang/NullPointerException'{0x00000000eb8b2e38}> (0x00000000eb8b2e38) 
thrown [s\src\hotspot\share\interpreter\linkResolver.cpp, line 1350]
Event: 18.013 Thread 0x000001c8e8e330b0 Exception <a 'java/lang/NullPointerException'{0x00000000eb8c6b48}> (0x00000000eb8c6b48) 
thrown [s\src\hotspot\share\interpreter\linkResolver.cpp, line 1350]
Event: 18.013 Thread 0x000001c8e8e330b0 Exception <a 'java/lang/NullPointerException'{0x00000000eb8c7218}> (0x00000000eb8c7218) 
thrown [s\src\hotspot\share\interpreter\linkResolver.cpp, line 1350]
Event: 18.026 Thread 0x000001c8e8e330b0 Exception <a 'java/lang/NullPointerException'{0x00000000eb8f6d90}> (0x00000000eb8f6d90) 
thrown [s\src\hotspot\share\interpreter\linkResolver.cpp, line 1350]
Event: 18.027 Thread 0x000001c8e8e330b0 Exception <a 'java/lang/NullPointerException'{0x00000000eb8f75d8}> (0x00000000eb8f75d8) 
thrown [s\src\hotspot\share\interpreter\linkResolver.cpp, line 1350]
Event: 18.028 Thread 0x000001c8e8e330b0 Exception <a 'java/lang/NullPointerException'{0x00000000eb8f81b0}> (0x00000000eb8f81b0) 
thrown [s\src\hotspot\share\interpreter\linkResolver.cpp, line 1350]

VM Operations (20 events):
Event: 14.913 Executing VM operation: ParallelGCFailedAllocation
Event: 14.918 Executing VM operation: ParallelGCFailedAllocation done
Event: 15.004 Executing VM operation: ParallelGCFailedAllocation
Event: 15.008 Executing VM operation: ParallelGCFailedAllocation done
Event: 15.073 Executing VM operation: ParallelGCFailedAllocation
Event: 15.077 Executing VM operation: ParallelGCFailedAllocation done
Event: 16.476 Executing VM operation: HandshakeAllThreads
Event: 16.476 Executing VM operation: HandshakeAllThreads done
Event: 16.476 Executing VM operation: Cleanup
Event: 16.476 Executing VM operation: Cleanup done
Event: 16.534 Executing VM operation: ParallelGCFailedAllocation
Event: 16.537 Executing VM operation: ParallelGCFailedAllocation done
Event: 16.842 Executing VM operation: HandshakeAllThreads
Event: 16.859 Executing VM operation: HandshakeAllThreads done
Event: 17.367 Executing VM operation: ParallelGCFailedAllocation
Event: 17.370 Executing VM operation: ParallelGCFailedAllocation done
Event: 18.082 Executing VM operation: ParallelGCFailedAllocation
Event: 18.084 Executing VM operation: ParallelGCFailedAllocation done
Event: 18.202 Executing VM operation: ParallelGCFailedAllocation
Event: 18.203 Executing VM operation: ParallelGCFailedAllocation done

Events (20 events):
Event: 15.341 loading class sun/util/resources/cldr/TimeZoneNames_en done
Event: 15.342 loading class sun/util/resources/cldr/TimeZoneNames_en_US
Event: 15.342 loading class sun/util/resources/cldr/TimeZoneNames_en_US done
Event: 15.344 loading class sun/util/resources/TimeZoneNames
Event: 15.346 loading class sun/util/resources/TimeZoneNames done
Event: 15.346 loading class sun/util/resources/TimeZoneNames_en
Event: 15.346 loading class sun/util/resources/TimeZoneNames_en done
Event: 15.448 loading class java/nio/file/Path$1
Event: 15.449 loading class java/nio/file/Path$1 done
Event: 15.693 Thread 0x000001c8e7df2310 Thread exited: 0x000001c8e7df2310
Event: 16.379 loading class java/util/AbstractList$ListItr
Event: 16.380 loading class java/util/AbstractList$ListItr done
Event: 16.501 loading class java/lang/ExceptionInInitializerError
Event: 16.501 loading class java/lang/ExceptionInInitializerError done
Event: 17.318 loading class java/util/Vector$1
Event: 17.319 loading class java/util/Vector$1 done
Event: 17.779 loading class java/util/Collections$UnmodifiableSortedSet
Event: 17.779 loading class java/util/Collections$UnmodifiableSortedSet done
Event: 17.859 loading class java/util/regex/Pattern$Caret
Event: 17.860 loading class java/util/regex/Pattern$Caret done


Dynamic libraries:
0x00007ff6e35b0000 - 0x00007ff6e35be000 	c:\Users\EXTREME GAMER\.vscode\extensions\redhat.java-1.15.0-win32-x64\jre\17.0.6-win32-x86_64\bin\java.exe
0x00007ffbecc70000 - 0x00007ffbece87000 	C:\WINDOWS\SYSTEM32\ntdll.dll
0x00007ffbb30c0000 - 0x00007ffbb30d9000 	C:\Program Files\Avast Software\Avast\aswhook.dll
0x00007ffbeb460000 - 0x00007ffbeb524000 	C:\WINDOWS\System32\KERNEL32.DLL
0x00007ffbea5e0000 - 0x00007ffbea986000 	C:\WINDOWS\System32\KERNELBASE.dll
0x00007ffbea4c0000 - 0x00007ffbea5d1000 	C:\WINDOWS\System32\ucrtbase.dll
0x00007ffbd3830000 - 0x00007ffbd3849000 	c:\Users\EXTREME GAMER\.vscode\extensions\redhat.java-1.15.0-win32-x64\jre\17.0.6-win32-x86_64\bin\VCRUNTIME140.dll
0x00007ffbd3560000 - 0x00007ffbd3577000 	c:\Users\EXTREME GAMER\.vscode\extensions\redhat.java-1.15.0-win32-x64\jre\17.0.6-win32-x86_64\bin\jli.dll
0x00007ffbec600000 - 0x00007ffbec7ae000 	C:\WINDOWS\System32\USER32.dll
0x00007ffbea990000 - 0x00007ffbea9b6000 	C:\WINDOWS\System32\win32u.dll
0x00007ffbeae60000 - 0x00007ffbeae89000 	C:\WINDOWS\System32\GDI32.dll
0x00007ffbea1a0000 - 0x00007ffbea2b8000 	C:\WINDOWS\System32\gdi32full.dll
0x00007ffbbe7d0000 - 0x00007ffbbea63000 	C:\WINDOWS\WinSxS\amd64_microsoft.windows.common-controls_6595b64144ccf1df_6.0.22621.2506_none_270c5ae97388e100\COMCTL32.dll
0x00007ffbea2f0000 - 0x00007ffbea38a000 	C:\WINDOWS\System32\msvcp_win.dll
0x00007ffbeb3b0000 - 0x00007ffbeb457000 	C:\WINDOWS\System32\msvcrt.dll
0x00007ffbead70000 - 0x00007ffbeada1000 	C:\WINDOWS\System32\IMM32.DLL
0x00007ffbe1bf0000 - 0x00007ffbe1bfc000 	c:\Users\EXTREME GAMER\.vscode\extensions\redhat.java-1.15.0-win32-x64\jre\17.0.6-win32-x86_64\bin\vcruntime140_1.dll
0x00007ffbb2ef0000 - 0x00007ffbb2f81000 	c:\Users\EXTREME GAMER\.vscode\extensions\redhat.java-1.15.0-win32-x64\jre\17.0.6-win32-x86_64\bin\msvcp140.dll
0x00007ffb4aa50000 - 0x00007ffb4b697000 	c:\Users\EXTREME GAMER\.vscode\extensions\redhat.java-1.15.0-win32-x64\jre\17.0.6-win32-x86_64\bin\server\jvm.dll
0x00007ffbeb900000 - 0x00007ffbeb9b3000 	C:\WINDOWS\System32\ADVAPI32.dll
0x00007ffbeadb0000 - 0x00007ffbeae58000 	C:\WINDOWS\System32\sechost.dll
0x00007ffbea2c0000 - 0x00007ffbea2e8000 	C:\WINDOWS\System32\bcrypt.dll
0x00007ffbeab60000 - 0x00007ffbeac77000 	C:\WINDOWS\System32\RPCRT4.dll
0x00007ffbe3ef0000 - 0x00007ffbe3efa000 	C:\WINDOWS\SYSTEM32\VERSION.dll
0x00007ffbdcaa0000 - 0x00007ffbdcaa9000 	C:\WINDOWS\SYSTEM32\WSOCK32.dll
0x00007ffbe19b0000 - 0x00007ffbe19e4000 	C:\WINDOWS\SYSTEM32\WINMM.dll
0x00007ffbeacf0000 - 0x00007ffbead61000 	C:\WINDOWS\System32\WS2_32.dll
0x00007ffbe8fc0000 - 0x00007ffbe8fd8000 	C:\WINDOWS\SYSTEM32\kernel.appcore.dll
0x00007ffbdcdc0000 - 0x00007ffbdcdca000 	c:\Users\EXTREME GAMER\.vscode\extensions\redhat.java-1.15.0-win32-x64\jre\17.0.6-win32-x86_64\bin\jimage.dll
0x00007ffbe78a0000 - 0x00007ffbe7ad3000 	C:\WINDOWS\SYSTEM32\DBGHELP.DLL
0x00007ffbeae90000 - 0x00007ffbeb219000 	C:\WINDOWS\System32\combase.dll
0x00007ffbeb6b0000 - 0x00007ffbeb787000 	C:\WINDOWS\System32\OLEAUT32.dll
0x00007ffbdcbb0000 - 0x00007ffbdcbe2000 	C:\WINDOWS\SYSTEM32\dbgcore.DLL
0x00007ffbe9fb0000 - 0x00007ffbea02a000 	C:\WINDOWS\System32\bcryptPrimitives.dll
0x00007ffbdb9e0000 - 0x00007ffbdb9ee000 	c:\Users\EXTREME GAMER\.vscode\extensions\redhat.java-1.15.0-win32-x64\jre\17.0.6-win32-x86_64\bin\instrument.dll
0x00007ffbd37d0000 - 0x00007ffbd37f5000 	c:\Users\EXTREME GAMER\.vscode\extensions\redhat.java-1.15.0-win32-x64\jre\17.0.6-win32-x86_64\bin\java.dll
0x00007ffbd3ce0000 - 0x00007ffbd3cf8000 	c:\Users\EXTREME GAMER\.vscode\extensions\redhat.java-1.15.0-win32-x64\jre\17.0.6-win32-x86_64\bin\zip.dll
0x00007ffbebbf0000 - 0x00007ffbec44b000 	C:\WINDOWS\System32\SHELL32.dll
0x00007ffbe7ec0000 - 0x00007ffbe87b6000 	C:\WINDOWS\SYSTEM32\windows.storage.dll
0x00007ffbe7d80000 - 0x00007ffbe7ebe000 	C:\WINDOWS\SYSTEM32\wintypes.dll
0x00007ffbec470000 - 0x00007ffbec563000 	C:\WINDOWS\System32\SHCORE.dll
0x00007ffbeb790000 - 0x00007ffbeb7ee000 	C:\WINDOWS\System32\shlwapi.dll
0x00007ffbe9ee0000 - 0x00007ffbe9f06000 	C:\WINDOWS\SYSTEM32\profapi.dll
0x00007ffbc5410000 - 0x00007ffbc5429000 	C:\Users\EXTREME GAMER\.vscode\extensions\redhat.java-1.15.0-win32-x64\jre\17.0.6-win32-x86_64\bin\net.dll
0x00007ffbe2ff0000 - 0x00007ffbe3127000 	C:\WINDOWS\SYSTEM32\WINHTTP.dll
0x00007ffbe9450000 - 0x00007ffbe94b9000 	C:\WINDOWS\system32\mswsock.dll
0x00007ffbc2eb0000 - 0x00007ffbc2ec5000 	C:\Users\EXTREME GAMER\.vscode\extensions\redhat.java-1.15.0-win32-x64\jre\17.0.6-win32-x86_64\bin\nio.dll
0x00007ffbd8f40000 - 0x00007ffbd8f50000 	c:\Users\EXTREME GAMER\.vscode\extensions\redhat.java-1.15.0-win32-x64\jre\17.0.6-win32-x86_64\bin\verify.dll
0x00007ffbc0de0000 - 0x00007ffbc0e1e000 	C:\Users\EXTREME GAMER\AppData\Roaming\Code\User\globalStorage\redhat.java\1.15.0\config_ss_win\org.eclipse.equinox.launcher\org.eclipse.equinox.launcher.win32.win32.x86_64_1.2.700.v20221108-1024\eclipse_11801.dll
0x00007ffbea9c0000 - 0x00007ffbeab60000 	C:\WINDOWS\System32\ole32.dll
0x00007ffbe96c0000 - 0x00007ffbe96db000 	C:\WINDOWS\SYSTEM32\CRYPTSP.dll
0x00007ffbe8f20000 - 0x00007ffbe8f55000 	C:\WINDOWS\system32\rsaenh.dll
0x00007ffbe9560000 - 0x00007ffbe958c000 	C:\WINDOWS\SYSTEM32\USERENV.dll
0x00007ffbe96e0000 - 0x00007ffbe96ec000 	C:\WINDOWS\SYSTEM32\CRYPTBASE.dll
0x00007ffbe8a10000 - 0x00007ffbe8a3d000 	C:\WINDOWS\SYSTEM32\IPHLPAPI.DLL
0x00007ffbeac80000 - 0x00007ffbeac89000 	C:\WINDOWS\System32\NSI.dll
0x00007ffbe3f00000 - 0x00007ffbe3f19000 	C:\WINDOWS\SYSTEM32\dhcpcsvc6.DLL
0x00007ffbe2920000 - 0x00007ffbe293f000 	C:\WINDOWS\SYSTEM32\dhcpcsvc.DLL
0x00007ffbe8a80000 - 0x00007ffbe8b79000 	C:\WINDOWS\SYSTEM32\DNSAPI.dll
0x00007ffbb81c0000 - 0x00007ffbb8205000 	C:\Users\EXTREME GAMER\AppData\Local\Temp\jna-1480078892\jna10388160942173901757.dll
0x00007ffbebbd0000 - 0x00007ffbebbd8000 	C:\WINDOWS\System32\PSAPI.DLL

dbghelp: loaded successfully - version: 4.0.5 - missing functions: none
symbol engine: initialized successfully - sym options: 0x614 - pdb path: .;c:\Users\EXTREME GAMER\.vscode\extensions\redhat.java-1.15.0-win32-x64\jre\17.0.6-win32-x86_64\bin;C:\WINDOWS\SYSTEM32;C:\Program Files\Avast Software\Avast;C:\WINDOWS\WinSxS\amd64_microsoft.windows.common-controls_6595b64144ccf1df_6.0.22621.2506_none_270c5ae97388e100;c:\Users\EXTREME GAMER\.vscode\extensions\redhat.java-1.15.0-win32-x64\jre\17.0.6-win32-x86_64\bin\server;C:\Users\EXTREME GAMER\AppData\Roaming\Code\User\globalStorage\redhat.java\1.15.0\config_ss_win\org.eclipse.equinox.launcher\org.eclipse.equinox.launcher.win32.win32.x86_64_1.2.700.v20221108-1024;C:\Users\EXTREME GAMER\AppData\Local\Temp\jna-1480078892

VM Arguments:
jvm_args: --add-modules=ALL-SYSTEM --add-opens=java.base/java.util=ALL-UNNAMED --add-opens=java.base/java.lang=ALL-UNNAMED --add-opens=java.base/sun.nio.fs=ALL-UNNAMED -Declipse.application=org.eclipse.jdt.ls.core.id1 -Dosgi.bundles.defaultStartLevel=4 -Declipse.product=org.eclipse.jdt.ls.core.product -Djava.import.generatesMetadataFilesAtProjectRoot=false -Dfile.encoding=utf8 -XX:+UseParallelGC -XX:GCTimeRatio=4 -XX:AdaptiveSizePolicyWeight=90 -Dsun.zip.disableMemoryMapping=true -Xmx1G -Xms100m -Xlog:disable -javaagent:c:\Users\EXTREME GAMER\.vscode\extensions\redhat.java-1.15.0-win32-x64\lombok\lombok-1.18.24.jar 
java_command: c:\Users\EXTREME GAMER\.vscode\extensions\redhat.java-1.15.0-win32-x64\server\plugins\org.eclipse.equinox.launcher_1.6.400.v20210924-0641.jar -configuration c:\Users\EXTREME GAMER\AppData\Roaming\Code\User\globalStorage\redhat.java\1.15.0\config_ss_win -data c:\Users\EXTREME GAMER\AppData\Roaming\Code\User\workspaceStorage\0c4b5414834ed4b092e28aca7492c8f4\redhat.java\ss_ws
java_class_path (initial): c:\Users\EXTREME GAMER\.vscode\extensions\redhat.java-1.15.0-win32-x64\server\plugins\org.eclipse.equinox.launcher_1.6.400.v20210924-0641.jar
Launcher Type: SUN_STANDARD

[Global flags]
    uintx AdaptiveSizePolicyWeight                 = 90                                        {product} {command line}
     intx CICompilerCount                          = 4                                         {product} {ergonomic}
    uintx GCTimeRatio                              = 4                                         {product} {command line}
   size_t InitialHeapSize                          = 104857600                                 {product} {command line}
   size_t MaxHeapSize                              = 1073741824                                {product} {command line}
   size_t MaxNewSize                               = 357564416                                 {product} {ergonomic}
   size_t MinHeapDeltaBytes                        = 524288                                    {product} {ergonomic}
   size_t MinHeapSize                              = 104857600                                 {product} {command line}
   size_t NewSize                                  = 34603008                                  {product} {ergonomic}
    uintx NonNMethodCodeHeapSize                   = 5839372                                {pd product} {ergonomic}
    uintx NonProfiledCodeHeapSize                  = 122909434                              {pd product} {ergonomic}
   size_t OldSize                                  = 70254592                                  {product} {ergonomic}
    uintx ProfiledCodeHeapSize                     = 122909434                              {pd product} {ergonomic}
    uintx ReservedCodeCacheSize                    = 251658240                              {pd product} {ergonomic}
     bool SegmentedCodeCache                       = true                                      {product} {ergonomic}
   size_t SoftMaxHeapSize                          = 1073741824                             {manageable} {ergonomic}
     bool UseCompressedClassPointers               = true                           {product lp64_product} {ergonomic}
     bool UseCompressedOops                        = true                           {product lp64_product} {ergonomic}
     bool UseLargePagesIndividualAllocation        = false                                  {pd product} {ergonomic}
     bool UseParallelGC                            = true                                      {product} {command line}

Logging:
Log output configuration:
 #0: stdout all=off uptime,level,tags
 #1: stderr all=off uptime,level,tags

Environment Variables:
JAVA_HOME=C:\Program Files\Java\jdk-20
PATH=C:\Program Files\Common Files\Oracle\Java\javapath;C:\WINDOWS\system32\WBEM;C:\WINDOWS\system32\WBEM;C:\WINDOWS\system32\WBEM;C:\WINDOWS\system32\WBEM;C:\WINDOWS\system32\WBEM;C:\Windows\system32\WBEM;C:\Program Files\Microsoft MPI\Bin\;C:\Program Files\Python310\Scripts\;C:\Program Files\Python310\;C:\Windows\system32;C:\Windows;C:\Windows\System32\Wbem;C:\Windows\System32\WindowsPowerShell\v1.0\;C:\Windows\System32\OpenSSH\;C:\xampp\php;C:\ProgramData\ComposerSetup\bin;C:\Program Files\Microsoft SQL Server\Client SDK\ODBC\170\Tools\Binn\;C:\Program Files\Microsoft SQL Server\130\Tools\Binn\;C:\Users\EXTREME GAMER\AppData\Local\Microsoft\WindowsApps;C:\Program Files\JetBrains\PyCharm Community Edition 2021.2.3\bin;C:\Program Files\Git\cmd;C:\Program Files (x86)\Microsoft SQL Server\150\DTS\Binn\;C:\Program Files\Microsoft SQL Server\150\DTS\Binn\;C:\Program Files (x86)\Microsoft SQL Server\150\Tools\Binn\;C:\Program Files\Microsoft SQL Server\150\Tools\Binn\;C:\Users\EXTREME GAMER\AppData\Local\GitHubDesktop\bin;C:\Program Files\Java\jdk1.8.0_202\bin;C:\Program Files (x86)\Microsoft SQL Server\110\DTS\Binn\;C:\Program Files (x86)\Microsoft SQL Server\120\DTS\Binn\;C:\Program Files (x86)\Microsoft SQL Server\130\DTS\Binn\;C:\Program Files\Microsoft\Web Platform Installer\;C:\Program Files\dotnet\;C:\ProgramData\chocolatey\bin;C:\Users\EXTREME GAMER\AppData\Local\Programs\Microsoft VS Code\bin;C:\WINDOWS\system32;C:\WINDOWS;C:\WINDOWS\System32\Wbem;C:\WINDOWS\System32\WindowsPowerShell\v1.0\;C:\WINDOWS\System32\OpenSSH\;C:\Users\EXTREME GAMER\AppData\Local\Microsoft\WindowsApps;C:\Program Files\JetBrains\PyCharm Community Edition 2021.2.3\bin;C:\Users\EXTREME GAMER\AppData\Local\GitHubDesktop\bin;C:\Users\EXTREME GAMER\AppData\Local\Programs\Microsoft VS Code\bin;C:\Users\EXTREME GAMER\AppData\Local\Microsoft\WindowsApps;C:\Users\EXTREME GAMER\AppData\Local\Microsoft\WindowsApps;C:\Program Files\JetBrains\PyCharm Community Edition 2021.2.3\bin;C:\Users\EXTREME GAME
USERNAME=MIGUEL PACHECO
OS=Windows_NT
PROCESSOR_IDENTIFIER=AMD64 Family 23 Model 104 Stepping 1, AuthenticAMD
TMP=C:\Users\EXTREM~1\AppData\Local\Temp
TEMP=C:\Users\EXTREM~1\AppData\Local\Temp



---------------  S Y S T E M  ---------------

OS:
 Windows 11 , 64 bit Build 22621 (10.0.22621.3085)
OS uptime: 6 days 22:22 hours
Hyper-V role detected

CPU: total 12 (initial active 12) (12 cores per cpu, 2 threads per core) family 23 model 104 stepping 1 microcode 0x0, cx8, cmov, fxsr, ht, mmx, 3dnowpref, sse, sse2, sse3, ssse3, sse4a, sse4.1, sse4.2, popcnt, lzcnt, tsc, tscinvbit, avx, avx2, aes, clmul, bmi1, bmi2, adx, sha, fma, vzeroupper, clflush, clflushopt, hv

Memory: 4k page, system-wide physical 5989M (17M free)
TotalPageFile size 24421M (AvailPageFile size 6M)
current process WorkingSet (physical memory assigned to process): 167M, peak: 167M
current process commit charge ("private bytes"): 258M, peak: 259M

vm_info: OpenJDK 64-Bit Server VM (17.0.6+10) for windows-amd64 JRE (17.0.6+10), built on Jan 18 2023 10:08:59 by "temurin" with MS VC++ 16.7 (VS2019)

END.
